2020-03-29 18:35:14,192 file.manager INFO 1.2.0
2020-03-29 18:35:14,192 file.manager INFO Copyright (C) 2003-2010
2020-03-29 18:35:14,192 file.manager INFO   Noriaki Ando
2020-03-29 18:35:14,192 file.manager INFO   Intelligent Systems Research Institute, AIST
2020-03-29 18:35:14,192 file.manager INFO Manager starting.
2020-03-29 18:35:14,192 file.manager INFO Starting local logging.
2020-03-29 18:35:18,253 file.manager.namingmanager INFO NameServer connection failed: corba/localhost
2020-03-29 18:35:22,299 file.ManagerServant INFO Master manager not found
2020-03-29 18:35:22,315 file.LocalServiceAdmin INFO All the local services are enabled.
2020-03-29 18:35:22,315 file.manager INFO Component type conf file: twitterRTC.conf loaded.
2020-03-29 18:35:22,315 file.ec_base INFO setRate(1000000.000000) done
2020-03-29 18:35:22,315 file.ec_base INFO setRate(1000.000000) done
2020-03-29 18:35:22,315 file.rtobject INFO 1 execution context was created.
2020-03-29 18:35:22,330 file.rtobject INFO Initial active configuration set is default-set.
2020-03-29 18:35:33,234 file.manager.namingmanager INFO NameServer connection failed: corba/localhost
2020-03-29 18:35:41,326 file.ManagerServant INFO Master manager not found
2020-03-29 18:35:48,200 file.manager.namingmanager INFO NameServer connection succeeded: corba/localhost
2020-03-29 18:35:48,200 file.manager.namingmanager INFO Connected to a name server: corba/localhost
2020-03-29 18:35:56,215 file.ManagerServant INFO Master manager not found
2020-03-29 18:36:11,180 file.ManagerServant INFO Master manager not found
