2020-03-29 18:37:43,302 file.manager INFO 1.2.0
2020-03-29 18:37:43,302 file.manager INFO Copyright (C) 2003-2010
2020-03-29 18:37:43,302 file.manager INFO   Noriaki Ando
2020-03-29 18:37:43,302 file.manager INFO   Intelligent Systems Research Institute, AIST
2020-03-29 18:37:43,302 file.manager INFO Manager starting.
2020-03-29 18:37:43,302 file.manager INFO Starting local logging.
2020-03-29 18:37:43,318 file.manager.namingmanager INFO NameServer connection succeeded: corba/localhost
2020-03-29 18:37:47,395 file.ManagerServant INFO Master manager not found
2020-03-29 18:37:47,395 file.LocalServiceAdmin INFO All the local services are enabled.
2020-03-29 18:37:47,395 file.manager INFO Component type conf file: twitterRTC.conf loaded.
2020-03-29 18:37:47,410 file.ec_base INFO setRate(1000000.000000) done
2020-03-29 18:37:47,410 file.ec_base INFO setRate(1000.000000) done
2020-03-29 18:37:47,410 file.rtobject INFO 1 execution context was created.
2020-03-29 18:37:47,410 file.rtobject INFO Initial active configuration set is default-set.
2020-03-29 18:37:54,424 file.SdoServiceAdmin WARNING No available SDO service in the factory: 
2020-03-29 18:37:54,424 file.SdoServiceAdmin ERROR type  already exists.
2020-03-29 18:38:02,344 file.ManagerServant INFO Master manager not found
2020-03-29 18:38:17,325 file.ManagerServant INFO Master manager not found
2020-03-29 18:38:26,557 file.ec_worker WARNING ExecutionContext is already stopped.
2020-03-29 18:38:26,557 file.ec_base ERROR Invoking on_shutdown() for each RTC failed.
